{"E:\\KHOA\\HAPPY_CODING\\CODER THAN THANH\\YoutubeCreatorAssistant\\backend\\server.ts": {"path":"E:\\KHOA\\HAPPY_CODING\\CODER THAN THANH\\YoutubeCreatorAssistant\\backend\\server.ts","statementMap":{"0":{"start":{"line":7,"column":6},"end":{"line":7,"column":null}},"1":{"start":{"line":8,"column":18},"end":{"line":8,"column":null}},"2":{"start":{"line":10,"column":6},"end":{"line":10,"column":null}},"3":{"start":{"line":11,"column":13},"end":{"line":11,"column":null}},"4":{"start":{"line":12,"column":16},"end":{"line":12,"column":null}},"5":{"start":{"line":14,"column":0},"end":{"line":14,"column":null}},"6":{"start":{"line":15,"column":0},"end":{"line":15,"column":null}},"7":{"start":{"line":18,"column":0},"end":{"line":20,"column":null}},"8":{"start":{"line":19,"column":2},"end":{"line":19,"column":null}},"9":{"start":{"line":23,"column":15},"end":{"line":23,"column":null}},"10":{"start":{"line":24,"column":2},"end":{"line":24,"column":null}},"11":{"start":{"line":28,"column":2},"end":{"line":28,"column":null}},"12":{"start":{"line":32,"column":2},"end":{"line":32,"column":null}},"13":{"start":{"line":36,"column":0},"end":{"line":41,"column":null}},"14":{"start":{"line":37,"column":16},"end":{"line":37,"column":null}},"15":{"start":{"line":39,"column":2},"end":{"line":39,"column":null}},"16":{"start":{"line":39,"column":23},"end":{"line":39,"column":88}},"17":{"start":{"line":40,"column":2},"end":{"line":40,"column":null}},"18":{"start":{"line":44,"column":0},"end":{"line":61,"column":null}},"19":{"start":{"line":45,"column":41},"end":{"line":45,"column":null}},"20":{"start":{"line":46,"column":16},"end":{"line":46,"column":null}},"21":{"start":{"line":48,"column":18},"end":{"line":55,"column":null}},"22":{"start":{"line":57,"column":2},"end":{"line":57,"column":null}},"23":{"start":{"line":58,"column":2},"end":{"line":58,"column":null}},"24":{"start":{"line":60,"column":2},"end":{"line":60,"column":null}},"25":{"start":{"line":64,"column":0},"end":{"line":77,"column":null}},"26":{"start":{"line":65,"column":17},"end":{"line":65,"column":null}},"27":{"start":{"line":66,"column":41},"end":{"line":66,"column":null}},"28":{"start":{"line":67,"column":16},"end":{"line":67,"column":null}},"29":{"start":{"line":69,"column":16},"end":{"line":69,"column":null}},"30":{"start":{"line":69,"column":37},"end":{"line":69,"column":48}},"31":{"start":{"line":70,"column":2},"end":{"line":76,"column":null}},"32":{"start":{"line":71,"column":4},"end":{"line":71,"column":null}},"33":{"start":{"line":72,"column":4},"end":{"line":72,"column":null}},"34":{"start":{"line":73,"column":4},"end":{"line":73,"column":null}},"35":{"start":{"line":75,"column":4},"end":{"line":75,"column":null}},"36":{"start":{"line":80,"column":0},"end":{"line":86,"column":null}},"37":{"start":{"line":81,"column":17},"end":{"line":81,"column":null}},"38":{"start":{"line":82,"column":14},"end":{"line":82,"column":null}},"39":{"start":{"line":83,"column":2},"end":{"line":83,"column":null}},"40":{"start":{"line":83,"column":28},"end":{"line":83,"column":39}},"41":{"start":{"line":84,"column":2},"end":{"line":84,"column":null}},"42":{"start":{"line":85,"column":2},"end":{"line":85,"column":null}},"43":{"start":{"line":90,"column":0},"end":{"line":94,"column":null}},"44":{"start":{"line":91,"column":2},"end":{"line":93,"column":null}},"45":{"start":{"line":92,"column":4},"end":{"line":92,"column":null}}},"fnMap":{"0":{"name":"getIdeas","decl":{"start":{"line":22,"column":9},"end":{"line":22,"column":20}},"loc":{"start":{"line":22,"column":20},"end":{"line":25,"column":null}},"line":22},"1":{"name":"saveIdeas","decl":{"start":{"line":27,"column":9},"end":{"line":27,"column":19}},"loc":{"start":{"line":27,"column":26},"end":{"line":29,"column":null}},"line":27},"2":{"name":"generateId","decl":{"start":{"line":31,"column":9},"end":{"line":31,"column":22}},"loc":{"start":{"line":31,"column":22},"end":{"line":33,"column":null}},"line":31},"3":{"name":"(anonymous_3)","decl":{"start":{"line":36,"column":8},"end":{"line":36,"column":23}},"loc":{"start":{"line":36,"column":36},"end":{"line":41,"column":1}},"line":36},"4":{"name":"(anonymous_4)","decl":{"start":{"line":39,"column":8},"end":{"line":39,"column":14}},"loc":{"start":{"line":39,"column":23},"end":{"line":39,"column":88}},"line":39},"5":{"name":"(anonymous_5)","decl":{"start":{"line":44,"column":9},"end":{"line":44,"column":24}},"loc":{"start":{"line":44,"column":37},"end":{"line":61,"column":1}},"line":44},"6":{"name":"(anonymous_6)","decl":{"start":{"line":64,"column":8},"end":{"line":64,"column":27}},"loc":{"start":{"line":64,"column":40},"end":{"line":77,"column":1}},"line":64},"7":{"name":"(anonymous_7)","decl":{"start":{"line":69,"column":22},"end":{"line":69,"column":32}},"loc":{"start":{"line":69,"column":37},"end":{"line":69,"column":48}},"line":69},"8":{"name":"(anonymous_8)","decl":{"start":{"line":80,"column":11},"end":{"line":80,"column":30}},"loc":{"start":{"line":80,"column":43},"end":{"line":86,"column":1}},"line":80},"9":{"name":"(anonymous_9)","decl":{"start":{"line":83,"column":16},"end":{"line":83,"column":23}},"loc":{"start":{"line":83,"column":28},"end":{"line":83,"column":39}},"line":83},"10":{"name":"(anonymous_10)","decl":{"start":{"line":91,"column":13},"end":{"line":91,"column":25}},"loc":{"start":{"line":91,"column":25},"end":{"line":93,"column":3}},"line":91}},"branchMap":{"0":{"loc":{"start":{"line":18,"column":0},"end":{"line":20,"column":null}},"type":"if","locations":[{"start":{"line":18,"column":0},"end":{"line":20,"column":null}},{"start":{},"end":{}}],"line":18},"1":{"loc":{"start":{"line":52,"column":12},"end":{"line":52,"column":null}},"type":"binary-expr","locations":[{"start":{"line":52,"column":12},"end":{"line":52,"column":22}},{"start":{"line":52,"column":22},"end":{"line":52,"column":null}}],"line":52},"2":{"loc":{"start":{"line":70,"column":2},"end":{"line":76,"column":null}},"type":"if","locations":[{"start":{"line":70,"column":2},"end":{"line":76,"column":null}},{"start":{"line":74,"column":9},"end":{"line":76,"column":null}}],"line":70},"3":{"loc":{"start":{"line":90,"column":0},"end":{"line":94,"column":null}},"type":"if","locations":[{"start":{"line":90,"column":0},"end":{"line":94,"column":null}},{"start":{},"end":{}}],"line":90}},"s":{"0":1,"1":1,"2":1,"3":1,"4":1,"5":1,"6":1,"7":1,"8":0,"9":6,"10":6,"11":4,"12":2,"13":1,"14":1,"15":1,"16":1,"17":1,"18":1,"19":2,"20":2,"21":2,"22":2,"23":2,"24":2,"25":1,"26":2,"27":2,"28":2,"29":2,"30":3,"31":2,"32":1,"33":1,"34":1,"35":1,"36":1,"37":1,"38":1,"39":1,"40":2,"41":1,"42":1,"43":1,"44":0,"45":0},"f":{"0":6,"1":4,"2":2,"3":1,"4":1,"5":2,"6":2,"7":3,"8":1,"9":2,"10":0},"b":{"0":[0,1],"1":[2,1],"2":[1,1],"3":[0,1]},"meta":{"lastBranch":4,"lastFunction":11,"lastStatement":46,"seen":{"s:7:6:7:Infinity":0,"s:8:18:8:Infinity":1,"s:10:6:10:Infinity":2,"s:11:13:11:Infinity":3,"s:12:16:12:Infinity":4,"s:14:0:14:Infinity":5,"s:15:0:15:Infinity":6,"b:18:0:20:Infinity:undefined:undefined:undefined:undefined":0,"s:18:0:20:Infinity":7,"s:19:2:19:Infinity":8,"f:22:9:22:20":0,"s:23:15:23:Infinity":9,"s:24:2:24:Infinity":10,"f:27:9:27:19":1,"s:28:2:28:Infinity":11,"f:31:9:31:22":2,"s:32:2:32:Infinity":12,"s:36:0:41:Infinity":13,"f:36:8:36:23":3,"s:37:16:37:Infinity":14,"s:39:2:39:Infinity":15,"f:39:8:39:14":4,"s:39:23:39:88":16,"s:40:2:40:Infinity":17,"s:44:0:61:Infinity":18,"f:44:9:44:24":5,"s:45:41:45:Infinity":19,"s:46:16:46:Infinity":20,"s:48:18:55:Infinity":21,"b:52:12:52:22:52:22:52:Infinity":1,"s:57:2:57:Infinity":22,"s:58:2:58:Infinity":23,"s:60:2:60:Infinity":24,"s:64:0:77:Infinity":25,"f:64:8:64:27":6,"s:65:17:65:Infinity":26,"s:66:41:66:Infinity":27,"s:67:16:67:Infinity":28,"s:69:16:69:Infinity":29,"f:69:22:69:32":7,"s:69:37:69:48":30,"b:70:2:76:Infinity:74:9:76:Infinity":2,"s:70:2:76:Infinity":31,"s:71:4:71:Infinity":32,"s:72:4:72:Infinity":33,"s:73:4:73:Infinity":34,"s:75:4:75:Infinity":35,"s:80:0:86:Infinity":36,"f:80:11:80:30":8,"s:81:17:81:Infinity":37,"s:82:14:82:Infinity":38,"s:83:2:83:Infinity":39,"f:83:16:83:23":9,"s:83:28:83:39":40,"s:84:2:84:Infinity":41,"s:85:2:85:Infinity":42,"b:90:0:94:Infinity:undefined:undefined:undefined:undefined":3,"s:90:0:94:Infinity":43,"s:91:2:93:Infinity":44,"f:91:13:91:25":10,"s:92:4:92:Infinity":45}}}
}
